<?xml version="1.0" encoding="UTF-8"?>
<!-- Generated by org.testng.reporters.JUnitReportReporter -->
<testsuite hostname="LTIN271927" failures="0" tests="3" name="testCases.TC005_HealthInsurance" time="44.443" errors="0" timestamp="2024-02-26T17:46:11 IST" skipped="0">
  <testcase classname="testCases.TC005_HealthInsurance" name="testHealthInsurance" time="28.584"/>
  <testcase classname="testCases.TC005_HealthInsurance" name="testWriteHealthInsuranceBrandName" time="15.454"/>
  <testcase classname="testCases.TC005_HealthInsurance" name="testWriteHealthInsurancePlan" time="0.405"/>
</testsuite> <!-- testCases.TC005_HealthInsurance -->
