<?xml version="1.0" encoding="UTF-8"?>
<!-- Generated by org.testng.reporters.JUnitReportReporter -->
<testsuite hostname="LTIN271927" failures="0" tests="2" name="testCases.TC001_InvalidGoogleLogin" time="40.010" errors="0" timestamp="2024-02-27T12:42:28 IST" skipped="0">
  <testcase classname="testCases.TC001_InvalidGoogleLogin" name="testInvalidGoogleLogin" time="32.656"/>
  <testcase classname="testCases.TC001_InvalidGoogleLogin" name="testInvalidGoogleLogin" time="7.354"/>
</testsuite> <!-- testCases.TC001_InvalidGoogleLogin -->
