<?xml version="1.0" encoding="UTF-8"?>
<!-- Generated by org.testng.reporters.JUnitReportReporter -->
<testsuite hostname="LTIN271927" failures="0" tests="3" name="testCases.TC005_HealthInsurance" time="51.839" errors="0" timestamp="2024-02-27T16:35:21 IST" skipped="0">
  <testcase classname="testCases.TC005_HealthInsurance" name="testHealthInsurance" time="36.555"/>
  <testcase classname="testCases.TC005_HealthInsurance" name="testWriteHealthInsuranceBrandName" time="15.158"/>
  <testcase classname="testCases.TC005_HealthInsurance" name="testWriteHealthInsurancePlan" time="0.126"/>
</testsuite> <!-- testCases.TC005_HealthInsurance -->
