<?xml version="1.0" encoding="UTF-8"?>
<!-- Generated by org.testng.reporters.JUnitReportReporter -->
<testsuite hostname="LTIN271927" failures="0" tests="2" name="testCases.TC003_CarDetails" time="14.199" errors="0" timestamp="2024-02-27T16:35:21 IST" skipped="0">
  <testcase classname="testCases.TC003_CarDetails" name="testCarDetails" time="12.051"/>
  <testcase classname="testCases.TC003_CarDetails" name="testWriteCarDetails" time="2.148"/>
</testsuite> <!-- testCases.TC003_CarDetails -->
