<?xml version="1.0" encoding="UTF-8"?>
<!-- Generated by org.testng.reporters.JUnitReportReporter -->
<testsuite hostname="LTIN271927" failures="0" tests="5" name="testRunner.TestRunner" time="383.150" errors="0" timestamp="2024-02-23T08:52:30 IST" skipped="0">
  <testcase classname="testRunner.TestRunner" name="runScenario" time="30.042"/>
  <testcase classname="testRunner.TestRunner" name="runScenario" time="223.064"/>
  <testcase classname="testRunner.TestRunner" name="runScenario" time="84.505"/>
  <testcase classname="testRunner.TestRunner" name="runScenario" time="21.526"/>
  <testcase classname="testRunner.TestRunner" name="runScenario" time="24.013"/>
</testsuite> <!-- testRunner.TestRunner -->
