<?xml version="1.0" encoding="UTF-8"?>
<!-- Generated by org.testng.reporters.JUnitReportReporter -->
<testsuite hostname="LTIN271927" failures="0" tests="2" name="testCases.TC002_BikeDetails" time="43.547" errors="0" timestamp="2024-02-26T17:46:11 IST" skipped="0">
  <testcase classname="testCases.TC002_BikeDetails" name="testBikeDetails" time="38.022"/>
  <testcase classname="testCases.TC002_BikeDetails" name="testWriteBikeDetails" time="5.525"/>
</testsuite> <!-- testCases.TC002_BikeDetails -->
