<?xml version="1.0" encoding="UTF-8"?>
<!-- Generated by org.testng.reporters.JUnitReportReporter -->
<testsuite hostname="LTIN271927" failures="0" tests="3" name="testCases.TC004_HealthInsurance" time="54.366" errors="0" timestamp="2024-02-26T16:09:26 IST" skipped="0">
  <testcase classname="testCases.TC004_HealthInsurance" name="testHealthInsurance" time="38.679"/>
  <testcase classname="testCases.TC004_HealthInsurance" name="testWriteHealthInsuranceBrandName" time="15.357"/>
  <testcase classname="testCases.TC004_HealthInsurance" name="testWriteHealthInsurancePlan" time="0.330"/>
</testsuite> <!-- testCases.TC004_HealthInsurance -->
