<?xml version="1.0" encoding="UTF-8"?>
<!-- Generated by org.testng.reporters.JUnitReportReporter -->
<testsuite hostname="Anand" failures="0" tests="5" name="testRunner.TestRunner" time="299.700" errors="0" timestamp="2024-02-22T22:06:30 IST" skipped="0">
  <testcase classname="testRunner.TestRunner" name="runScenario" time="9.803"/>
  <system-out/>
  <testcase classname="testRunner.TestRunner" name="runScenario" time="182.610"/>
  <system-out/>
  <testcase classname="testRunner.TestRunner" name="runScenario" time="20.996"/>
  <system-out/>
  <testcase classname="testRunner.TestRunner" name="runScenario" time="13.041"/>
  <system-out/>
  <testcase classname="testRunner.TestRunner" name="runScenario" time="73.250"/>
  <system-out/>
</testsuite> <!-- testRunner.TestRunner -->
