<?xml version="1.0" encoding="UTF-8"?>
<!-- Generated by org.testng.reporters.JUnitReportReporter -->
<testsuite hostname="LTIN271927" failures="0" tests="2" name="testCases.TC003_CarDetails" time="9.876" errors="0" timestamp="2024-02-26T17:46:11 IST" skipped="0">
  <testcase classname="testCases.TC003_CarDetails" name="testCarDetails" time="8.054"/>
  <testcase classname="testCases.TC003_CarDetails" name="testWriteCarDetails" time="1.822"/>
</testsuite> <!-- testCases.TC003_CarDetails -->
