<?xml version="1.0" encoding="UTF-8"?>
<!-- Generated by org.testng.reporters.JUnitReportReporter -->
<testsuite hostname="LTIN271927" failures="0" tests="3" name="testCases.TC005_UsedCarDetails" time="217.698" errors="0" timestamp="2024-02-26T16:09:26 IST" skipped="0">
  <testcase classname="testCases.TC005_UsedCarDetails" name="testUsedCars" time="21.677"/>
  <testcase classname="testCases.TC005_UsedCarDetails" name="testWritePopularCarModel" time="0.363"/>
  <testcase classname="testCases.TC005_UsedCarDetails" name="testWriteAllPopularCarModelDetails" time="195.658"/>
</testsuite> <!-- testCases.TC005_UsedCarDetails -->
