<?xml version="1.0" encoding="UTF-8"?>
<!-- Generated by org.testng.reporters.JUnitReportReporter -->
<testsuite hostname="LTIN271927" failures="0" tests="2" name="testCases.TC002_BikeDetails" time="59.120" errors="0" timestamp="2024-02-26T16:09:26 IST" skipped="0">
  <testcase classname="testCases.TC002_BikeDetails" name="testBikeDetails" time="53.418"/>
  <testcase classname="testCases.TC002_BikeDetails" name="testWriteBikeDetails" time="5.702"/>
</testsuite> <!-- testCases.TC002_BikeDetails -->
