<?xml version="1.0" encoding="UTF-8"?>
<!-- Generated by org.testng.reporters.JUnitReportReporter -->
<testsuite hostname="LTIN271927" failures="0" tests="2" name="testCases.TC002_BikeDetails" time="19.649" errors="0" timestamp="2024-02-27T10:34:11 IST" skipped="0">
  <testcase classname="testCases.TC002_BikeDetails" name="testBikeDetails" time="12.529"/>
  <testcase classname="testCases.TC002_BikeDetails" name="testWriteBikeDetails" time="7.120"/>
</testsuite> <!-- testCases.TC002_BikeDetails -->
