<?xml version="1.0" encoding="UTF-8"?>
<!-- Generated by org.testng.reporters.JUnitReportReporter -->
<testsuite hostname="LTIN271927" failures="0" tests="4" name="testCases.TC002_BikeDetails" time="76.313" errors="0" timestamp="2024-02-27T12:42:28 IST" skipped="0">
  <testcase classname="testCases.TC002_BikeDetails" name="testBikeDetails" time="34.476"/>
  <testcase classname="testCases.TC002_BikeDetails" name="testBikeDetails" time="33.072"/>
  <testcase classname="testCases.TC002_BikeDetails" name="testWriteBikeDetails" time="2.291"/>
  <testcase classname="testCases.TC002_BikeDetails" name="testWriteBikeDetails" time="6.474"/>
</testsuite> <!-- testCases.TC002_BikeDetails -->
