<?xml version="1.0" encoding="UTF-8"?>
<!-- Generated by org.testng.reporters.JUnitReportReporter -->
<testsuite hostname="LTIN271927" failures="0" tests="2" name="testCases.TC002_BikeDetails" time="35.891" errors="0" timestamp="2024-02-27T16:35:21 IST" skipped="0">
  <testcase classname="testCases.TC002_BikeDetails" name="testBikeDetails" time="31.744"/>
  <testcase classname="testCases.TC002_BikeDetails" name="testWriteBikeDetails" time="4.147"/>
</testsuite> <!-- testCases.TC002_BikeDetails -->
